# JRE version: Java(TM) SE Runtime Environment (8.0_25-b18) (build 1.8.0_25-b18)
# Java VM: Java HotSpot(TM) 64-Bit Server VM (25.25-b02 mixed mode windows-amd64 compressed oops)
Heap:
 PSYoungGen      total 38400K, used 12032K [0x00000000eb100000, 0x00000000edf00000, 0x0000000100000000)
  eden space 31744K, 37% used [0x00000000eb100000,0x00000000ebca8128,0x00000000ed000000)
  from space 6656K, 1% used [0x00000000ed880000,0x00000000ed898000,0x00000000edf00000)
  to   space 7680K, 0% used [0x00000000ed000000,0x00000000ed000000,0x00000000ed780000)
 ParOldGen       total 207872K, used 79615K [0x00000000c1200000, 0x00000000cdd00000, 0x00000000eb100000)
  object space 207872K, 38% used [0x00000000c1200000,0x00000000c5fbfc30,0x00000000cdd00000)
 Metaspace       used 19106K, capacity 19444K, committed 19840K, reserved 1067008K
  class space    used 2247K, capacity 2316K, committed 2432K, reserved 1048576K
GC Heap History (10 events):
Event: 74.317 GC heap before
{Heap before GC invocations=25 (full 6):
 PSYoungGen      total 32768K, used 518K [0x00000000eb100000, 0x00000000eda80000, 0x0000000100000000)
  eden space 24064K, 0% used [0x00000000eb100000,0x00000000eb100000,0x00000000ec880000)
  from space 8704K, 5% used [0x00000000ec880000,0x00000000ec9019f8,0x00000000ed100000)
  to   space 8192K, 0% used [0x00000000ed280000,0x00000000ed280000,0x00000000eda80000)
 ParOldGen       total 157696K, used 122561K [0x00000000c1200000, 0x00000000cac00000, 0x00000000eb100000)
  object space 157696K, 77% used [0x00000000c1200000,0x00000000c89b05c8,0x00000000cac00000)
 Metaspace       used 19044K, capacity 19444K, committed 19840K, reserved 1067008K
  class space    used 2239K, capacity 2316K, committed 2432K, reserved 1048576K
Event: 74.353 GC heap after
Heap after GC invocations=25 (full 6):
 PSYoungGen      total 32768K, used 0K [0x00000000eb100000, 0x00000000eda80000, 0x0000000100000000)
  eden space 24064K, 0% used [0x00000000eb100000,0x00000000eb100000,0x00000000ec880000)
  from space 8704K, 0% used [0x00000000ec880000,0x00000000ec880000,0x00000000ed100000)
  to   space 8192K, 0% used [0x00000000ed280000,0x00000000ed280000,0x00000000eda80000)
 ParOldGen       total 180224K, used 80066K [0x00000000c1200000, 0x00000000cc200000, 0x00000000eb100000)
  object space 180224K, 44% used [0x00000000c1200000,0x00000000c6030b28,0x00000000cc200000)
 Metaspace       used 19044K, capacity 19444K, committed 19840K, reserved 1067008K
  class space    used 2239K, capacity 2316K, committed 2432K, reserved 1048576K
}
Event: 74.674 GC heap before
{Heap before GC invocations=26 (full 6):
 PSYoungGen      total 32768K, used 23950K [0x00000000eb100000, 0x00000000eda80000, 0x0000000100000000)
  eden space 24064K, 99% used [0x00000000eb100000,0x00000000ec863b20,0x00000000ec880000)
  from space 8704K, 0% used [0x00000000ec880000,0x00000000ec880000,0x00000000ed100000)
  to   space 8192K, 0% used [0x00000000ed280000,0x00000000ed280000,0x00000000eda80000)
 ParOldGen       total 180224K, used 80066K [0x00000000c1200000, 0x00000000cc200000, 0x00000000eb100000)
  object space 180224K, 44% used [0x00000000c1200000,0x00000000c6030b28,0x00000000cc200000)
 Metaspace       used 19083K, capacity 19444K, committed 19840K, reserved 1067008K
  class space    used 2243K, capacity 2316K, committed 2432K, reserved 1048576K
Event: 74.685 GC heap after
Heap after GC invocations=26 (full 6):
 PSYoungGen      total 34304K, used 516K [0x00000000eb100000, 0x00000000edb00000, 0x0000000100000000)
  eden space 26112K, 0% used [0x00000000eb100000,0x00000000eb100000,0x00000000eca80000)
  from space 8192K, 6% used [0x00000000ed280000,0x00000000ed3010b8,0x00000000eda80000)
  to   space 8192K, 0% used [0x00000000eca80000,0x00000000eca80000,0x00000000ed280000)
 ParOldGen       total 180224K, used 122887K [0x00000000c1200000, 0x00000000cc200000, 0x00000000eb100000)
  object space 180224K, 68% used [0x00000000c1200000,0x00000000c8a01ca8,0x00000000cc200000)
 Metaspace       used 19083K, capacity 19444K, committed 19840K, reserved 1067008K
  class space    used 2243K, capacity 2316K, committed 2432K, reserved 1048576K
}
Event: 74.732 GC heap before
{Heap before GC invocations=27 (full 6):
 PSYoungGen      total 34304K, used 22722K [0x00000000eb100000, 0x00000000edb00000, 0x0000000100000000)
  eden space 26112K, 85% used [0x00000000eb100000,0x00000000ec6afaa8,0x00000000eca80000)
  from space 8192K, 6% used [0x00000000ed280000,0x00000000ed3010b8,0x00000000eda80000)
  to   space 8192K, 0% used [0x00000000eca80000,0x00000000eca80000,0x00000000ed280000)
 ParOldGen       total 180224K, used 122887K [0x00000000c1200000, 0x00000000cc200000, 0x00000000eb100000)
  object space 180224K, 68% used [0x00000000c1200000,0x00000000c8a01ca8,0x00000000cc200000)
 Metaspace       used 19084K, capacity 19444K, committed 19840K, reserved 1067008K
  class space    used 2243K, capacity 2316K, committed 2432K, reserved 1048576K
Event: 74.763 GC heap after
Heap after GC invocations=27 (full 6):
 PSYoungGen      total 34304K, used 516K [0x00000000eb100000, 0x00000000ee000000, 0x0000000100000000)
  eden space 26112K, 0% used [0x00000000eb100000,0x00000000eb100000,0x00000000eca80000)
  from space 8192K, 6% used [0x00000000eca80000,0x00000000ecb010b8,0x00000000ed280000)
  to   space 7680K, 0% used [0x00000000ed880000,0x00000000ed880000,0x00000000ee000000)
 ParOldGen       total 190976K, used 187117K [0x00000000c1200000, 0x00000000ccc80000, 0x00000000eb100000)
  object space 190976K, 97% used [0x00000000c1200000,0x00000000cc8bb6e8,0x00000000ccc80000)
 Metaspace       used 19084K, capacity 19444K, committed 19840K, reserved 1067008K
  class space    used 2243K, capacity 2316K, committed 2432K, reserved 1048576K
}
Event: 74.763 GC heap before
{Heap before GC invocations=28 (full 7):
 PSYoungGen      total 34304K, used 516K [0x00000000eb100000, 0x00000000ee000000, 0x0000000100000000)
  eden space 26112K, 0% used [0x00000000eb100000,0x00000000eb100000,0x00000000eca80000)
  from space 8192K, 6% used [0x00000000eca80000,0x00000000ecb010b8,0x00000000ed280000)
  to   space 7680K, 0% used [0x00000000ed880000,0x00000000ed880000,0x00000000ee000000)
 ParOldGen       total 190976K, used 187117K [0x00000000c1200000, 0x00000000ccc80000, 0x00000000eb100000)
  object space 190976K, 97% used [0x00000000c1200000,0x00000000cc8bb6e8,0x00000000ccc80000)
 Metaspace       used 19084K, capacity 19444K, committed 19840K, reserved 1067008K
  class space    used 2243K, capacity 2316K, committed 2432K, reserved 1048576K
Event: 74.801 GC heap after
Heap after GC invocations=28 (full 7):
 PSYoungGen      total 34304K, used 0K [0x00000000eb100000, 0x00000000ee000000, 0x0000000100000000)
  eden space 26112K, 0% used [0x00000000eb100000,0x00000000eb100000,0x00000000eca80000)
  from space 8192K, 0% used [0x00000000eca80000,0x00000000eca80000,0x00000000ed280000)
  to   space 7680K, 0% used [0x00000000ed880000,0x00000000ed880000,0x00000000ee000000)
 ParOldGen       total 207872K, used 79615K [0x00000000c1200000, 0x00000000cdd00000, 0x00000000eb100000)
  object space 207872K, 38% used [0x00000000c1200000,0x00000000c5fbfc30,0x00000000cdd00000)
 Metaspace       used 19084K, capacity 19444K, committed 19840K, reserved 1067008K
  class space    used 2243K, capacity 2316K, committed 2432K, reserved 1048576K
}
Event: 76.435 GC heap before
{Heap before GC invocations=29 (full 7):
 PSYoungGen      total 34304K, used 22335K [0x00000000eb100000, 0x00000000ee000000, 0x0000000100000000)
  eden space 26112K, 85% used [0x00000000eb100000,0x00000000ec6cffc8,0x00000000eca80000)
  from space 8192K, 0% used [0x00000000eca80000,0x00000000eca80000,0x00000000ed280000)
  to   space 7680K, 0% used [0x00000000ed880000,0x00000000ed880000,0x00000000ee000000)
 ParOldGen       total 207872K, used 79615K [0x00000000c1200000, 0x00000000cdd00000, 0x00000000eb100000)
  object space 207872K, 38% used [0x00000000c1200000,0x00000000c5fbfc30,0x00000000cdd00000)
 Metaspace       used 19097K, capacity 19444K, committed 19840K, reserved 1067008K
  class space    used 2246K, capacity 2316K, committed 2432K, reserved 1048576K
Event: 76.436 GC heap after
Heap after GC invocations=29 (full 7):
 PSYoungGen      total 38400K, used 96K [0x00000000eb100000, 0x00000000edf00000, 0x0000000100000000)
  eden space 31744K, 0% used [0x00000000eb100000,0x00000000eb100000,0x00000000ed000000)
  from space 6656K, 1% used [0x00000000ed880000,0x00000000ed898000,0x00000000edf00000)
  to   space 7680K, 0% used [0x00000000ed000000,0x00000000ed000000,0x00000000ed780000)
 ParOldGen       total 207872K, used 79615K [0x00000000c1200000, 0x00000000cdd00000, 0x00000000eb100000)
  object space 207872K, 38% used [0x00000000c1200000,0x00000000c5fbfc30,0x00000000cdd00000)
 Metaspace       used 19097K, capacity 19444K, committed 19840K, reserved 1067008K
  class space    used 2246K, capacity 2316K, committed 2432K, reserved 1048576K
}

