# JRE version: Java(TM) SE Runtime Environment (8.0_25-b18) (build 1.8.0_25-b18)
# Java VM: Java HotSpot(TM) 64-Bit Server VM (25.25-b02 mixed mode windows-amd64 compressed oops)
Heap:
 PSYoungGen      total 18432K, used 11990K [0x00000000eb100000, 0x00000000ed000000, 0x0000000100000000)
  eden space 16384K, 62% used [0x00000000eb100000,0x00000000ebb04a38,0x00000000ec100000)
  from space 2048K, 84% used [0x00000000ece00000,0x00000000ecfb10e0,0x00000000ed000000)
  to   space 5632K, 0% used [0x00000000ec500000,0x00000000ec500000,0x00000000eca80000)
 ParOldGen       total 100352K, used 100237K [0x00000000c1200000, 0x00000000c7400000, 0x00000000eb100000)
  object space 100352K, 99% used [0x00000000c1200000,0x00000000c73e37b0,0x00000000c7400000)
 Metaspace       used 18648K, capacity 19022K, committed 19200K, reserved 1067008K
  class space    used 2193K, capacity 2281K, committed 2304K, reserved 1048576K
GC Heap History (10 events):
Event: 87.752 GC heap before
{Heap before GC invocations=10 (full 1):
 PSYoungGen      total 17920K, used 17913K [0x00000000eb100000, 0x00000000ed400000, 0x0000000100000000)
  eden space 16384K, 100% used [0x00000000eb100000,0x00000000ec100000,0x00000000ec100000)
  from space 1536K, 99% used [0x00000000ed280000,0x00000000ed3fe7a0,0x00000000ed400000)
  to   space 3584K, 0% used [0x00000000ecd00000,0x00000000ecd00000,0x00000000ed080000)
 ParOldGen       total 69120K, used 57995K [0x00000000c1200000, 0x00000000c5580000, 0x00000000eb100000)
  object space 69120K, 83% used [0x00000000c1200000,0x00000000c4aa2f68,0x00000000c5580000)
 Metaspace       used 15947K, capacity 16250K, committed 16640K, reserved 1064960K
  class space    used 1858K, capacity 1939K, committed 2048K, reserved 1048576K
Event: 87.778 GC heap after
Heap after GC invocations=10 (full 1):
 PSYoungGen      total 19968K, used 3575K [0x00000000eb100000, 0x00000000ed300000, 0x0000000100000000)
  eden space 16384K, 0% used [0x00000000eb100000,0x00000000eb100000,0x00000000ec100000)
  from space 3584K, 99% used [0x00000000ecd00000,0x00000000ed07dec0,0x00000000ed080000)
  to   space 2560K, 0% used [0x00000000ed080000,0x00000000ed080000,0x00000000ed300000)
 ParOldGen       total 69120K, used 60917K [0x00000000c1200000, 0x00000000c5580000, 0x00000000eb100000)
  object space 69120K, 88% used [0x00000000c1200000,0x00000000c4d7d6e8,0x00000000c5580000)
 Metaspace       used 15947K, capacity 16250K, committed 16640K, reserved 1064960K
  class space    used 1858K, capacity 1939K, committed 2048K, reserved 1048576K
}
Event: 89.761 GC heap before
{Heap before GC invocations=11 (full 1):
 PSYoungGen      total 19968K, used 19635K [0x00000000eb100000, 0x00000000ed300000, 0x0000000100000000)
  eden space 16384K, 98% used [0x00000000eb100000,0x00000000ec0aee20,0x00000000ec100000)
  from space 3584K, 99% used [0x00000000ecd00000,0x00000000ed07dec0,0x00000000ed080000)
  to   space 2560K, 0% used [0x00000000ed080000,0x00000000ed080000,0x00000000ed300000)
 ParOldGen       total 69120K, used 60917K [0x00000000c1200000, 0x00000000c5580000, 0x00000000eb100000)
  object space 69120K, 88% used [0x00000000c1200000,0x00000000c4d7d6e8,0x00000000c5580000)
 Metaspace       used 16310K, capacity 16674K, committed 17152K, reserved 1064960K
  class space    used 1906K, capacity 1973K, committed 2048K, reserved 1048576K
Event: 89.767 GC heap after
Heap after GC invocations=11 (full 1):
 PSYoungGen      total 18944K, used 2513K [0x00000000eb100000, 0x00000000ed300000, 0x0000000100000000)
  eden space 16384K, 0% used [0x00000000eb100000,0x00000000eb100000,0x00000000ec100000)
  from space 2560K, 98% used [0x00000000ed080000,0x00000000ed2f47d0,0x00000000ed300000)
  to   space 5120K, 0% used [0x00000000ec900000,0x00000000ec900000,0x00000000ece00000)
 ParOldGen       total 69120K, used 68113K [0x00000000c1200000, 0x00000000c5580000, 0x00000000eb100000)
  object space 69120K, 98% used [0x00000000c1200000,0x00000000c54846e8,0x00000000c5580000)
 Metaspace       used 16310K, capacity 16674K, committed 17152K, reserved 1064960K
  class space    used 1906K, capacity 1973K, committed 2048K, reserved 1048576K
}
Event: 89.767 GC heap before
{Heap before GC invocations=12 (full 2):
 PSYoungGen      total 18944K, used 2513K [0x00000000eb100000, 0x00000000ed300000, 0x0000000100000000)
  eden space 16384K, 0% used [0x00000000eb100000,0x00000000eb100000,0x00000000ec100000)
  from space 2560K, 98% used [0x00000000ed080000,0x00000000ed2f47d0,0x00000000ed300000)
  to   space 5120K, 0% used [0x00000000ec900000,0x00000000ec900000,0x00000000ece00000)
 ParOldGen       total 69120K, used 68113K [0x00000000c1200000, 0x00000000c5580000, 0x00000000eb100000)
  object space 69120K, 98% used [0x00000000c1200000,0x00000000c54846e8,0x00000000c5580000)
 Metaspace       used 16310K, capacity 16674K, committed 17152K, reserved 1064960K
  class space    used 1906K, capacity 1973K, committed 2048K, reserved 1048576K
Event: 89.811 GC heap after
Heap after GC invocations=12 (full 2):
 PSYoungGen      total 18944K, used 0K [0x00000000eb100000, 0x00000000ed300000, 0x0000000100000000)
  eden space 16384K, 0% used [0x00000000eb100000,0x00000000eb100000,0x00000000ec100000)
  from space 2560K, 0% used [0x00000000ed080000,0x00000000ed080000,0x00000000ed300000)
  to   space 5120K, 0% used [0x00000000ec900000,0x00000000ec900000,0x00000000ece00000)
 ParOldGen       total 68096K, used 40144K [0x00000000c1200000, 0x00000000c5480000, 0x00000000eb100000)
  object space 68096K, 58% used [0x00000000c1200000,0x00000000c3934090,0x00000000c5480000)
 Metaspace       used 16310K, capacity 16674K, committed 17152K, reserved 1064960K
  class space    used 1906K, capacity 1973K, committed 2048K, reserved 1048576K
}
Event: 90.443 GC heap before
{Heap before GC invocations=13 (full 2):
 PSYoungGen      total 18944K, used 16384K [0x00000000eb100000, 0x00000000ed300000, 0x0000000100000000)
  eden space 16384K, 100% used [0x00000000eb100000,0x00000000ec100000,0x00000000ec100000)
  from space 2560K, 0% used [0x00000000ed080000,0x00000000ed080000,0x00000000ed300000)
  to   space 5120K, 0% used [0x00000000ec900000,0x00000000ec900000,0x00000000ece00000)
 ParOldGen       total 68096K, used 40144K [0x00000000c1200000, 0x00000000c5480000, 0x00000000eb100000)
  object space 68096K, 58% used [0x00000000c1200000,0x00000000c3934090,0x00000000c5480000)
 Metaspace       used 16463K, capacity 16840K, committed 17152K, reserved 1064960K
  class space    used 1920K, capacity 2024K, committed 2048K, reserved 1048576K
Event: 90.453 GC heap after
Heap after GC invocations=13 (full 2):
 PSYoungGen      total 21504K, used 4840K [0x00000000eb100000, 0x00000000ed100000, 0x0000000100000000)
  eden space 16384K, 0% used [0x00000000eb100000,0x00000000eb100000,0x00000000ec100000)
  from space 5120K, 94% used [0x00000000ec900000,0x00000000ecdba110,0x00000000ece00000)
  to   space 3072K, 0% used [0x00000000ece00000,0x00000000ece00000,0x00000000ed100000)
 ParOldGen       total 68096K, used 40752K [0x00000000c1200000, 0x00000000c5480000, 0x00000000eb100000)
  object space 68096K, 59% used [0x00000000c1200000,0x00000000c39cc0a0,0x00000000c5480000)
 Metaspace       used 16463K, capacity 16840K, committed 17152K, reserved 1064960K
  class space    used 1920K, capacity 2024K, committed 2048K, reserved 1048576K
}
Event: 106.874 GC heap before
{Heap before GC invocations=14 (full 2):
 PSYoungGen      total 21504K, used 21224K [0x00000000eb100000, 0x00000000ed100000, 0x0000000100000000)
  eden space 16384K, 100% used [0x00000000eb100000,0x00000000ec100000,0x00000000ec100000)
  from space 5120K, 94% used [0x00000000ec900000,0x00000000ecdba110,0x00000000ece00000)
  to   space 3072K, 0% used [0x00000000ece00000,0x00000000ece00000,0x00000000ed100000)
 ParOldGen       total 68096K, used 40752K [0x00000000c1200000, 0x00000000c5480000, 0x00000000eb100000)
  object space 68096K, 59% used [0x00000000c1200000,0x00000000c39cc0a0,0x00000000c5480000)
 Metaspace       used 17298K, capacity 17678K, committed 18048K, reserved 1064960K
  class space    used 1994K, capacity 2089K, committed 2176K, reserved 1048576K
Event: 106.885 GC heap after
Heap after GC invocations=14 (full 2):
 PSYoungGen      total 18432K, used 1732K [0x00000000eb100000, 0x00000000ed000000, 0x0000000100000000)
  eden space 16384K, 0% used [0x00000000eb100000,0x00000000eb100000,0x00000000ec100000)
  from space 2048K, 84% used [0x00000000ece00000,0x00000000ecfb10e0,0x00000000ed000000)
  to   space 5632K, 0% used [0x00000000ec500000,0x00000000ec500000,0x00000000eca80000)
 ParOldGen       total 68096K, used 46712K [0x00000000c1200000, 0x00000000c5480000, 0x00000000eb100000)
  object space 68096K, 68% used [0x00000000c1200000,0x00000000c3f9e1d0,0x00000000c5480000)
 Metaspace       used 17298K, capacity 17678K, committed 18048K, reserved 1064960K
  class space    used 1994K, capacity 2089K, committed 2176K, reserved 1048576K
}

